<?xml version="1.0" encoding="UTF-8"?>
<!-- Generated by org.testng.reporters.JUnitReportReporter -->
<testsuite hostname="MONA" failures="0" tests="4" name="reqresAPI_testcases.BearerTokenAuthTest" time="1.478" errors="0" timestamp="2025-09-23T12:52:23 IST" skipped="0">
  <testcase classname="reqresAPI_testcases.BearerTokenAuthTest" name="getUserDetails" time="0.078"/>
  <testcase classname="reqresAPI_testcases.BearerTokenAuthTest" name="createUser" time="0.554"/>
  <testcase classname="reqresAPI_testcases.BearerTokenAuthTest" name="updateUser" time="0.564"/>
  <testcase classname="reqresAPI_testcases.BearerTokenAuthTest" name="deleteUser" time="0.282"/>
</testsuite> <!-- reqresAPI_testcases.BearerTokenAuthTest -->
