<?xml version="1.0" encoding="UTF-8"?>
<!-- Generated by org.testng.reporters.JUnitReportReporter -->
<testsuite hostname="MONA" failures="0" tests="1" name="petstoreAPI_testcases.PetTest.UpdatePetTest" time="1.470" errors="0" timestamp="2025-09-23T12:53:08 IST" skipped="0">
  <testcase classname="petstoreAPI_testcases.PetTest.UpdatePetTest" name="updatePet" time="1.470"/>
</testsuite> <!-- petstoreAPI_testcases.PetTest.UpdatePetTest -->
