<?xml version="1.0" encoding="UTF-8"?>
<!-- Generated by org.testng.reporters.JUnitReportReporter -->
<testsuite hostname="MONA" failures="0" tests="1" name="reqresAPI_testcases.DeleteUserTest" time="0.256" errors="0" timestamp="2025-09-23T12:52:23 IST" skipped="0">
  <testcase classname="reqresAPI_testcases.DeleteUserTest" name="deleteUser" time="0.256"/>
</testsuite> <!-- reqresAPI_testcases.DeleteUserTest -->
