<?xml version="1.0" encoding="UTF-8"?>
<!-- Generated by org.testng.reporters.JUnitReportReporter -->
<testsuite hostname="MONA" failures="0" tests="1" name="testcases.DeleteUserTest" time="1.370" errors="0" timestamp="2025-09-22T12:34:31 IST" skipped="0">
  <testcase classname="testcases.DeleteUserTest" name="deleteUser" time="1.370"/>
</testsuite> <!-- testcases.DeleteUserTest -->
