<?xml version="1.0" encoding="UTF-8"?>
<!-- Generated by org.testng.reporters.JUnitReportReporter -->
<testsuite hostname="MONA" failures="0" tests="1" name="reqresAPI_testcases.UpdateUserTest" time="0.560" errors="0" timestamp="2025-09-23T12:52:23 IST" skipped="0">
  <testcase classname="reqresAPI_testcases.UpdateUserTest" name="updateUser" time="0.560"/>
</testsuite> <!-- reqresAPI_testcases.UpdateUserTest -->
