<?xml version="1.0" encoding="UTF-8"?>
<!-- Generated by org.testng.reporters.JUnitReportReporter -->
<testsuite hostname="MONA" failures="0" tests="6" name="petstoreAPI_testcases.PetTest" time="10.798" errors="0" timestamp="2025-09-23T12:00:17 IST" skipped="0">
  <testcase classname="petstoreAPI_testcases.PetTest" name="addPet" time="2.368"/>
  <testcase classname="petstoreAPI_testcases.PetTest" name="getPetById" time="1.478"/>
  <testcase classname="petstoreAPI_testcases.PetTest" name="updatePet" time="1.411"/>
  <testcase classname="petstoreAPI_testcases.PetTest" name="findPetByStatus" time="1.722"/>
  <testcase classname="petstoreAPI_testcases.PetTest" name="uploadImage" time="2.411"/>
  <testcase classname="petstoreAPI_testcases.PetTest" name="deletePet" time="1.408"/>
</testsuite> <!-- petstoreAPI_testcases.PetTest -->
