<?xml version="1.0" encoding="UTF-8"?>
<!-- Generated by org.testng.reporters.JUnitReportReporter -->
<testsuite hostname="MONA" failures="0" tests="1" name="petstoreAPI_testcases.StoreTest.GetInventoryTest" time="1.444" errors="0" timestamp="2025-09-23T12:52:23 IST" skipped="0">
  <testcase classname="petstoreAPI_testcases.StoreTest.GetInventoryTest" name="getInventory" time="1.444"/>
</testsuite> <!-- petstoreAPI_testcases.StoreTest.GetInventoryTest -->
