<?xml version="1.0" encoding="UTF-8"?>
<!-- Generated by org.testng.reporters.JUnitReportReporter -->
<testsuite hostname="MONA" failures="0" tests="1" name="reqresAPI_testcases.CreateUserTest" time="0.459" errors="0" timestamp="2025-09-23T17:50:28 IST" skipped="0">
  <testcase classname="reqresAPI_testcases.CreateUserTest" name="createUser" time="0.459"/>
</testsuite> <!-- reqresAPI_testcases.CreateUserTest -->
