<?xml version="1.0" encoding="UTF-8"?>
<!-- Generated by org.testng.reporters.JUnitReportReporter -->
<testsuite hostname="MONA" failures="0" tests="1" name="testcases.GetUserTest" time="2.351" errors="0" timestamp="2025-09-22T12:15:03 IST" skipped="0">
  <testcase classname="testcases.GetUserTest" name="getUsers" time="2.351"/>
</testsuite> <!-- testcases.GetUserTest -->
