<?xml version="1.0" encoding="UTF-8"?>
<!-- Generated by org.testng.reporters.JUnitReportReporter -->
<testsuite hostname="MONA" failures="0" tests="4" name="testcases.BasicAuthTest" time="7.452" errors="0" timestamp="2025-09-22T17:04:28 IST" skipped="0">
  <testcase classname="testcases.BasicAuthTest" name="createUser" time="3.194"/>
  <testcase classname="testcases.BasicAuthTest" name="getUser" time="1.377"/>
  <testcase classname="testcases.BasicAuthTest" name="updateUser" time="1.397"/>
  <testcase classname="testcases.BasicAuthTest" name="deleteUser" time="1.484"/>
</testsuite> <!-- testcases.BasicAuthTest -->
