<?xml version="1.0" encoding="UTF-8"?>
<!-- Generated by org.testng.reporters.JUnitReportReporter -->
<testsuite hostname="MONA" failures="0" tests="1" name="testcases.CreateUserTest" time="1.736" errors="0" timestamp="2025-09-22T12:28:16 IST" skipped="0">
  <testcase classname="testcases.CreateUserTest" name="createUser" time="1.736"/>
</testsuite> <!-- testcases.CreateUserTest -->
