<?xml version="1.0" encoding="UTF-8"?>
<!-- Generated by org.testng.reporters.JUnitReportReporter -->
<testsuite hostname="MONA" failures="0" tests="1" name="petstoreAPI_testcases.PetTest.GetPetByIDTest" time="1.512" errors="0" timestamp="2025-09-23T12:53:08 IST" skipped="0">
  <testcase classname="petstoreAPI_testcases.PetTest.GetPetByIDTest" name="getPetById" time="1.512"/>
</testsuite> <!-- petstoreAPI_testcases.PetTest.GetPetByIDTest -->
