<?xml version="1.0" encoding="UTF-8"?>
<!-- Generated by org.testng.reporters.JUnitReportReporter -->
<testsuite hostname="MONA" failures="0" tests="1" name="reqresAPI_testcases.GetUserTest" time="1.400" errors="0" timestamp="2025-09-23T12:52:23 IST" skipped="0">
  <testcase classname="reqresAPI_testcases.GetUserTest" name="getUsers" time="1.400"/>
</testsuite> <!-- reqresAPI_testcases.GetUserTest -->
