<?xml version="1.0" encoding="UTF-8"?>
<!-- Generated by org.testng.reporters.JUnitReportReporter -->
<testsuite hostname="MONA" failures="0" tests="3" name="testcases.CreateUserDataDrivenTest" time="3.137" errors="0" timestamp="2025-09-22T12:35:37 IST" skipped="0">
  <testcase classname="testcases.CreateUserDataDrivenTest" name="createUserTest" time="1.996"/>
  <testcase classname="testcases.CreateUserDataDrivenTest" name="createUserTest" time="0.600"/>
  <testcase classname="testcases.CreateUserDataDrivenTest" name="createUserTest" time="0.541"/>
</testsuite> <!-- testcases.CreateUserDataDrivenTest -->
