<?xml version="1.0" encoding="UTF-8"?>
<!-- Generated by org.testng.reporters.JUnitReportReporter -->
<testsuite hostname="MONA" failures="0" tests="1" name="testcases.UpdateUserTest" time="1.786" errors="0" timestamp="2025-09-22T12:32:48 IST" skipped="0">
  <testcase classname="testcases.UpdateUserTest" name="updateUser" time="1.786"/>
</testsuite> <!-- testcases.UpdateUserTest -->
