<?xml version="1.0" encoding="UTF-8"?>
<!-- Generated by org.testng.reporters.JUnitReportReporter -->
<testsuite hostname="MONA" failures="0" tests="1" name="petstoreAPI_testcases.PetTest.DeletePetTest" time="1.371" errors="0" timestamp="2025-09-23T12:53:08 IST" skipped="0">
  <testcase classname="petstoreAPI_testcases.PetTest.DeletePetTest" name="deletePet" time="1.371"/>
</testsuite> <!-- petstoreAPI_testcases.PetTest.DeletePetTest -->
