<?xml version="1.0" encoding="UTF-8"?>
<!-- Generated by org.testng.reporters.JUnitReportReporter -->
<testsuite hostname="MONA" failures="0" tests="3" name="testcases.CreateUserExcelDataDrivenTest" time="2.334" errors="0" timestamp="2025-09-22T12:57:46 IST" skipped="0">
  <testcase classname="testcases.CreateUserExcelDataDrivenTest" name="createUserFromExcel" time="0.333"/>
  <testcase classname="testcases.CreateUserExcelDataDrivenTest" name="createUserFromExcel" time="1.663"/>
  <testcase classname="testcases.CreateUserExcelDataDrivenTest" name="createUserFromExcel" time="0.338"/>
</testsuite> <!-- testcases.CreateUserExcelDataDrivenTest -->
